2020-04-10 14:03:23 DEBUG AnnotationConfigApplicationContext:594 - Refreshing org.springframework.context.annotation.AnnotationConfigApplicationContext@7e0b37bc
2020-04-10 14:03:23 DEBUG DefaultListableBeanFactory:213 - Creating shared instance of singleton bean 'org.springframework.context.annotation.internalConfigurationAnnotationProcessor'
2020-04-10 14:03:24 DEBUG DefaultListableBeanFactory:213 - Creating shared instance of singleton bean 'org.springframework.context.event.internalEventListenerProcessor'
2020-04-10 14:03:24 DEBUG DefaultListableBeanFactory:213 - Creating shared instance of singleton bean 'org.springframework.context.event.internalEventListenerFactory'
2020-04-10 14:03:24 DEBUG DefaultListableBeanFactory:213 - Creating shared instance of singleton bean 'org.springframework.context.annotation.internalAutowiredAnnotationProcessor'
2020-04-10 14:03:24 DEBUG DefaultListableBeanFactory:213 - Creating shared instance of singleton bean 'org.springframework.context.annotation.internalCommonAnnotationProcessor'
2020-04-10 14:03:24 DEBUG DefaultListableBeanFactory:213 - Creating shared instance of singleton bean 'javaConfig'
2020-04-10 14:04:40 DEBUG AnnotationConfigApplicationContext:594 - Refreshing org.springframework.context.annotation.AnnotationConfigApplicationContext@7e0b37bc
2020-04-10 14:04:40 DEBUG DefaultListableBeanFactory:213 - Creating shared instance of singleton bean 'org.springframework.context.annotation.internalConfigurationAnnotationProcessor'
2020-04-10 14:04:40 DEBUG ClassPathBeanDefinitionScanner:437 - Identified candidate component class: file [D:\Module 3\springLab1.2\target\classes\com\capg\Employee.class]
2020-04-10 14:04:40 DEBUG ClassPathBeanDefinitionScanner:437 - Identified candidate component class: file [D:\Module 3\springLab1.2\target\classes\com\capg\SBU.class]
2020-04-10 14:04:40 DEBUG DefaultListableBeanFactory:213 - Creating shared instance of singleton bean 'org.springframework.context.event.internalEventListenerProcessor'
2020-04-10 14:04:40 DEBUG DefaultListableBeanFactory:213 - Creating shared instance of singleton bean 'org.springframework.context.event.internalEventListenerFactory'
2020-04-10 14:04:40 DEBUG DefaultListableBeanFactory:213 - Creating shared instance of singleton bean 'org.springframework.context.annotation.internalAutowiredAnnotationProcessor'
2020-04-10 14:04:40 DEBUG DefaultListableBeanFactory:213 - Creating shared instance of singleton bean 'org.springframework.context.annotation.internalCommonAnnotationProcessor'
2020-04-10 14:04:40 DEBUG DefaultListableBeanFactory:213 - Creating shared instance of singleton bean 'javaConfig'
2020-04-10 14:04:40 DEBUG DefaultListableBeanFactory:213 - Creating shared instance of singleton bean 'employee'
2020-04-10 14:04:40 DEBUG PropertySourcesPropertyResolver:115 - Found key 'id' in PropertySource 'class path resource [employee.properties]' with value of type String
2020-04-10 14:04:40 DEBUG PropertySourcesPropertyResolver:115 - Found key 'name' in PropertySource 'class path resource [employee.properties]' with value of type String
2020-04-10 14:04:40 DEBUG PropertySourcesPropertyResolver:115 - Found key 'salary' in PropertySource 'class path resource [employee.properties]' with value of type String
2020-04-10 14:04:40 DEBUG PropertySourcesPropertyResolver:115 - Found key 'bu' in PropertySource 'class path resource [employee.properties]' with value of type String
2020-04-10 14:04:40 DEBUG PropertySourcesPropertyResolver:115 - Found key 'age' in PropertySource 'class path resource [employee.properties]' with value of type String
2020-04-10 14:04:40 DEBUG DefaultListableBeanFactory:213 - Creating shared instance of singleton bean 'SBU'
